<?xml version="1.0" encoding="UTF-8"?>
<testsuite xmlns:xsi="http://www.w3.org/2001/XMLSchema-instance" xsi:noNamespaceSchemaLocation="https://maven.apache.org/surefire/maven-surefire-plugin/xsd/surefire-test-report.xsd" name="com.zjq.test.cases.Test01" time="13.926" tests="1" errors="0" skipped="0" failures="1">
  <properties>
    <property name="sun.desktop" value="windows"/>
    <property name="awt.toolkit" value="sun.awt.windows.WToolkit"/>
    <property name="file.encoding.pkg" value="sun.io"/>
    <property name="java.specification.version" value="1.8"/>
    <property name="sun.cpu.isalist" value="amd64"/>
    <property name="sun.jnu.encoding" value="GBK"/>
    <property name="java.class.path" value="C:\Users\zhangjiaqi62\IdeaProjects\apiAuto\newApiAuto\target\test-classes;C:\Users\zhangjiaqi62\IdeaProjects\apiAuto\newApiAuto\target\classes;D:\jdMaven\repository\org\apache\poi\poi\3.14-beta1\poi-3.14-beta1.jar;D:\jdMaven\repository\commons-codec\commons-codec\1.10\commons-codec-1.10.jar;D:\jdMaven\repository\org\apache\poi\poi-ooxml\3.14-beta1\poi-ooxml-3.14-beta1.jar;D:\jdMaven\repository\com\github\virtuald\curvesapi\1.03\curvesapi-1.03.jar;D:\jdMaven\repository\org\apache\poi\poi-ooxml-schemas\3.14-beta1\poi-ooxml-schemas-3.14-beta1.jar;D:\jdMaven\repository\org\apache\xmlbeans\xmlbeans\2.6.0\xmlbeans-2.6.0.jar;D:\jdMaven\repository\stax\stax-api\1.0.1\stax-api-1.0.1.jar;D:\jdMaven\repository\cn\afterturn\easypoi-base\4.2.0\easypoi-base-4.2.0.jar;D:\jdMaven\repository\com\google\guava\guava\16.0.1\guava-16.0.1.jar;D:\jdMaven\repository\org\apache\commons\commons-lang3\3.2.1\commons-lang3-3.2.1.jar;D:\jdMaven\repository\ognl\ognl\3.2.6\ognl-3.2.6.jar;D:\jdMaven\repository\org\javassist\javassist\3.20.0-GA\javassist-3.20.0-GA.jar;D:\jdMaven\repository\org\slf4j\slf4j-api\1.6.1\slf4j-api-1.6.1.jar;D:\jdMaven\repository\javax\validation\validation-api\1.1.0.Final\validation-api-1.1.0.Final.jar;D:\jdMaven\repository\cn\afterturn\easypoi-annotation\4.2.0\easypoi-annotation-4.2.0.jar;D:\jdMaven\repository\cn\afterturn\easypoi-web\4.2.0\easypoi-web-4.2.0.jar;D:\jdMaven\repository\org\springframework\spring-web\5.1.7.RELEASE\spring-web-5.1.7.RELEASE.jar;D:\jdMaven\repository\org\springframework\spring-webmvc\5.1.7.RELEASE\spring-webmvc-5.1.7.RELEASE.jar;D:\jdMaven\repository\org\springframework\spring-aop\5.1.7.RELEASE\spring-aop-5.1.7.RELEASE.jar;D:\jdMaven\repository\org\springframework\spring-expression\5.1.7.RELEASE\spring-expression-5.1.7.RELEASE.jar;D:\jdMaven\repository\org\springframework\spring-context\5.1.7.RELEASE\spring-context-5.1.7.RELEASE.jar;D:\jdMaven\repository\org\springframework\spring-core\5.1.7.RELEASE\spring-core-5.1.7.RELEASE.jar;D:\jdMaven\repository\org\springframework\spring-jcl\5.1.7.RELEASE\spring-jcl-5.1.7.RELEASE.jar;D:\jdMaven\repository\org\springframework\spring-beans\5.1.7.RELEASE\spring-beans-5.1.7.RELEASE.jar;D:\jdMaven\repository\joda-time\joda-time\2.10.1\joda-time-2.10.1.jar;D:\jdMaven\repository\com\alibaba\fastjson\1.2.83\fastjson-1.2.83.jar;D:\jdMaven\repository\org\apache\httpcomponents\httpclient\4.5.8\httpclient-4.5.8.jar;D:\jdMaven\repository\org\apache\httpcomponents\httpcore\4.4.11\httpcore-4.4.11.jar;D:\jdMaven\repository\commons-logging\commons-logging\1.2\commons-logging-1.2.jar;D:\jdMaven\repository\io\rest-assured\rest-assured\4.4.0\rest-assured-4.4.0.jar;D:\jdMaven\repository\org\codehaus\groovy\groovy\3.0.8\groovy-3.0.8.jar;D:\jdMaven\repository\org\codehaus\groovy\groovy-xml\3.0.8\groovy-xml-3.0.8.jar;D:\jdMaven\repository\org\apache\httpcomponents\httpmime\4.5.13\httpmime-4.5.13.jar;D:\jdMaven\repository\org\hamcrest\hamcrest\2.1\hamcrest-2.1.jar;D:\jdMaven\repository\org\ccil\cowan\tagsoup\tagsoup\1.2.1\tagsoup-1.2.1.jar;D:\jdMaven\repository\io\rest-assured\json-path\4.4.0\json-path-4.4.0.jar;D:\jdMaven\repository\org\codehaus\groovy\groovy-json\3.0.8\groovy-json-3.0.8.jar;D:\jdMaven\repository\io\rest-assured\rest-assured-common\4.4.0\rest-assured-common-4.4.0.jar;D:\jdMaven\repository\io\rest-assured\xml-path\4.4.0\xml-path-4.4.0.jar;D:\jdMaven\repository\jakarta\xml\bind\jakarta.xml.bind-api\2.3.3\jakarta.xml.bind-api-2.3.3.jar;D:\jdMaven\repository\jakarta\activation\jakarta.activation-api\1.2.2\jakarta.activation-api-1.2.2.jar;D:\jdMaven\repository\com\sun\xml\bind\jaxb-impl\2.3.3\jaxb-impl-2.3.3.jar;D:\jdMaven\repository\com\jayway\jsonpath\json-path\2.4.0\json-path-2.4.0.jar;D:\jdMaven\repository\net\minidev\json-smart\2.3\json-smart-2.3.jar;D:\jdMaven\repository\net\minidev\accessors-smart\1.2\accessors-smart-1.2.jar;D:\jdMaven\repository\org\ow2\asm\asm\5.0.4\asm-5.0.4.jar;D:\jdMaven\repository\org\testng\testng\6.8.8\testng-6.8.8.jar;D:\jdMaven\repository\org\beanshell\bsh\2.0b4\bsh-2.0b4.jar;D:\jdMaven\repository\com\beust\jcommander\1.27\jcommander-1.27.jar;D:\jdMaven\repository\io\qameta\allure\allure-testng\2.13.6\allure-testng-2.13.6.jar;D:\jdMaven\repository\io\qameta\allure\allure-java-commons\2.13.6\allure-java-commons-2.13.6.jar;D:\jdMaven\repository\io\qameta\allure\allure-model\2.13.6\allure-model-2.13.6.jar;D:\jdMaven\repository\com\fasterxml\jackson\core\jackson-databind\2.11.2\jackson-databind-2.11.2.jar;D:\jdMaven\repository\com\fasterxml\jackson\core\jackson-annotations\2.11.2\jackson-annotations-2.11.2.jar;D:\jdMaven\repository\com\fasterxml\jackson\core\jackson-core\2.11.2\jackson-core-2.11.2.jar;D:\jdMaven\repository\org\apache\tika\tika-core\1.24.1\tika-core-1.24.1.jar;D:\jdMaven\repository\org\jooq\joor-java-8\0.9.13\joor-java-8-0.9.13.jar;"/>
    <property name="java.vm.vendor" value="Oracle Corporation"/>
    <property name="sun.arch.data.model" value="64"/>
    <property name="user.variant" value=""/>
    <property name="java.vendor.url" value="http://java.oracle.com/"/>
    <property name="user.timezone" value="Asia/Shanghai"/>
    <property name="java.vm.specification.version" value="1.8"/>
    <property name="os.name" value="Windows 10"/>
    <property name="user.country" value="CN"/>
    <property name="sun.java.launcher" value="SUN_STANDARD"/>
    <property name="sun.boot.library.path" value="C:\Program Files\Java\jdk1.8.0_152\jre\bin"/>
    <property name="sun.java.command" value="C:\Users\ZHANGJ~1\AppData\Local\Temp\surefire2042823174540540708\surefirebooter8738707950107515716.jar C:\Users\zhangjiaqi62\AppData\Local\Temp\surefire2042823174540540708 2023-02-16T15-35-20_037-jvmRun1 surefire4348312643047388573tmp surefire_08826237172985593546tmp"/>
    <property name="surefire.test.class.path" value="C:\Users\zhangjiaqi62\IdeaProjects\apiAuto\newApiAuto\target\test-classes;C:\Users\zhangjiaqi62\IdeaProjects\apiAuto\newApiAuto\target\classes;D:\jdMaven\repository\org\apache\poi\poi\3.14-beta1\poi-3.14-beta1.jar;D:\jdMaven\repository\commons-codec\commons-codec\1.10\commons-codec-1.10.jar;D:\jdMaven\repository\org\apache\poi\poi-ooxml\3.14-beta1\poi-ooxml-3.14-beta1.jar;D:\jdMaven\repository\com\github\virtuald\curvesapi\1.03\curvesapi-1.03.jar;D:\jdMaven\repository\org\apache\poi\poi-ooxml-schemas\3.14-beta1\poi-ooxml-schemas-3.14-beta1.jar;D:\jdMaven\repository\org\apache\xmlbeans\xmlbeans\2.6.0\xmlbeans-2.6.0.jar;D:\jdMaven\repository\stax\stax-api\1.0.1\stax-api-1.0.1.jar;D:\jdMaven\repository\cn\afterturn\easypoi-base\4.2.0\easypoi-base-4.2.0.jar;D:\jdMaven\repository\com\google\guava\guava\16.0.1\guava-16.0.1.jar;D:\jdMaven\repository\org\apache\commons\commons-lang3\3.2.1\commons-lang3-3.2.1.jar;D:\jdMaven\repository\ognl\ognl\3.2.6\ognl-3.2.6.jar;D:\jdMaven\repository\org\javassist\javassist\3.20.0-GA\javassist-3.20.0-GA.jar;D:\jdMaven\repository\org\slf4j\slf4j-api\1.6.1\slf4j-api-1.6.1.jar;D:\jdMaven\repository\javax\validation\validation-api\1.1.0.Final\validation-api-1.1.0.Final.jar;D:\jdMaven\repository\cn\afterturn\easypoi-annotation\4.2.0\easypoi-annotation-4.2.0.jar;D:\jdMaven\repository\cn\afterturn\easypoi-web\4.2.0\easypoi-web-4.2.0.jar;D:\jdMaven\repository\org\springframework\spring-web\5.1.7.RELEASE\spring-web-5.1.7.RELEASE.jar;D:\jdMaven\repository\org\springframework\spring-webmvc\5.1.7.RELEASE\spring-webmvc-5.1.7.RELEASE.jar;D:\jdMaven\repository\org\springframework\spring-aop\5.1.7.RELEASE\spring-aop-5.1.7.RELEASE.jar;D:\jdMaven\repository\org\springframework\spring-expression\5.1.7.RELEASE\spring-expression-5.1.7.RELEASE.jar;D:\jdMaven\repository\org\springframework\spring-context\5.1.7.RELEASE\spring-context-5.1.7.RELEASE.jar;D:\jdMaven\repository\org\springframework\spring-core\5.1.7.RELEASE\spring-core-5.1.7.RELEASE.jar;D:\jdMaven\repository\org\springframework\spring-jcl\5.1.7.RELEASE\spring-jcl-5.1.7.RELEASE.jar;D:\jdMaven\repository\org\springframework\spring-beans\5.1.7.RELEASE\spring-beans-5.1.7.RELEASE.jar;D:\jdMaven\repository\joda-time\joda-time\2.10.1\joda-time-2.10.1.jar;D:\jdMaven\repository\com\alibaba\fastjson\1.2.83\fastjson-1.2.83.jar;D:\jdMaven\repository\org\apache\httpcomponents\httpclient\4.5.8\httpclient-4.5.8.jar;D:\jdMaven\repository\org\apache\httpcomponents\httpcore\4.4.11\httpcore-4.4.11.jar;D:\jdMaven\repository\commons-logging\commons-logging\1.2\commons-logging-1.2.jar;D:\jdMaven\repository\io\rest-assured\rest-assured\4.4.0\rest-assured-4.4.0.jar;D:\jdMaven\repository\org\codehaus\groovy\groovy\3.0.8\groovy-3.0.8.jar;D:\jdMaven\repository\org\codehaus\groovy\groovy-xml\3.0.8\groovy-xml-3.0.8.jar;D:\jdMaven\repository\org\apache\httpcomponents\httpmime\4.5.13\httpmime-4.5.13.jar;D:\jdMaven\repository\org\hamcrest\hamcrest\2.1\hamcrest-2.1.jar;D:\jdMaven\repository\org\ccil\cowan\tagsoup\tagsoup\1.2.1\tagsoup-1.2.1.jar;D:\jdMaven\repository\io\rest-assured\json-path\4.4.0\json-path-4.4.0.jar;D:\jdMaven\repository\org\codehaus\groovy\groovy-json\3.0.8\groovy-json-3.0.8.jar;D:\jdMaven\repository\io\rest-assured\rest-assured-common\4.4.0\rest-assured-common-4.4.0.jar;D:\jdMaven\repository\io\rest-assured\xml-path\4.4.0\xml-path-4.4.0.jar;D:\jdMaven\repository\jakarta\xml\bind\jakarta.xml.bind-api\2.3.3\jakarta.xml.bind-api-2.3.3.jar;D:\jdMaven\repository\jakarta\activation\jakarta.activation-api\1.2.2\jakarta.activation-api-1.2.2.jar;D:\jdMaven\repository\com\sun\xml\bind\jaxb-impl\2.3.3\jaxb-impl-2.3.3.jar;D:\jdMaven\repository\com\jayway\jsonpath\json-path\2.4.0\json-path-2.4.0.jar;D:\jdMaven\repository\net\minidev\json-smart\2.3\json-smart-2.3.jar;D:\jdMaven\repository\net\minidev\accessors-smart\1.2\accessors-smart-1.2.jar;D:\jdMaven\repository\org\ow2\asm\asm\5.0.4\asm-5.0.4.jar;D:\jdMaven\repository\org\testng\testng\6.8.8\testng-6.8.8.jar;D:\jdMaven\repository\org\beanshell\bsh\2.0b4\bsh-2.0b4.jar;D:\jdMaven\repository\com\beust\jcommander\1.27\jcommander-1.27.jar;D:\jdMaven\repository\io\qameta\allure\allure-testng\2.13.6\allure-testng-2.13.6.jar;D:\jdMaven\repository\io\qameta\allure\allure-java-commons\2.13.6\allure-java-commons-2.13.6.jar;D:\jdMaven\repository\io\qameta\allure\allure-model\2.13.6\allure-model-2.13.6.jar;D:\jdMaven\repository\com\fasterxml\jackson\core\jackson-databind\2.11.2\jackson-databind-2.11.2.jar;D:\jdMaven\repository\com\fasterxml\jackson\core\jackson-annotations\2.11.2\jackson-annotations-2.11.2.jar;D:\jdMaven\repository\com\fasterxml\jackson\core\jackson-core\2.11.2\jackson-core-2.11.2.jar;D:\jdMaven\repository\org\apache\tika\tika-core\1.24.1\tika-core-1.24.1.jar;D:\jdMaven\repository\org\jooq\joor-java-8\0.9.13\joor-java-8-0.9.13.jar;"/>
    <property name="sun.cpu.endian" value="little"/>
    <property name="allure.results.directory" value="C:\Users\zhangjiaqi62\IdeaProjects\apiAuto\newApiAuto\target/allure-results"/>
    <property name="user.home" value="C:\Users\zhangjiaqi62"/>
    <property name="user.language" value="zh"/>
    <property name="java.specification.vendor" value="Oracle Corporation"/>
    <property name="java.home" value="C:\Program Files\Java\jdk1.8.0_152\jre"/>
    <property name="basedir" value="C:\Users\zhangjiaqi62\IdeaProjects\apiAuto\newApiAuto"/>
    <property name="file.separator" value="\"/>
    <property name="line.separator" value="&#10;"/>
    <property name="java.vm.specification.vendor" value="Oracle Corporation"/>
    <property name="java.specification.name" value="Java Platform API Specification"/>
    <property name="java.awt.graphicsenv" value="sun.awt.Win32GraphicsEnvironment"/>
    <property name="surefire.real.class.path" value="C:\Users\ZHANGJ~1\AppData\Local\Temp\surefire2042823174540540708\surefirebooter8738707950107515716.jar;D:\jdMaven\repository/org/aspectj/aspectjweaver/1.8.10/aspectjweaver-1.8.10.jar"/>
    <property name="sun.boot.class.path" value="C:\Program Files\Java\jdk1.8.0_152\jre\lib\resources.jar;C:\Program Files\Java\jdk1.8.0_152\jre\lib\rt.jar;C:\Program Files\Java\jdk1.8.0_152\jre\lib\sunrsasign.jar;C:\Program Files\Java\jdk1.8.0_152\jre\lib\jsse.jar;C:\Program Files\Java\jdk1.8.0_152\jre\lib\jce.jar;C:\Program Files\Java\jdk1.8.0_152\jre\lib\charsets.jar;C:\Program Files\Java\jdk1.8.0_152\jre\lib\jfr.jar;C:\Program Files\Java\jdk1.8.0_152\jre\classes"/>
    <property name="user.script" value=""/>
    <property name="sun.management.compiler" value="HotSpot 64-Bit Tiered Compilers"/>
    <property name="java.runtime.version" value="1.8.0_152-b16"/>
    <property name="user.name" value="zhangjiaqi62"/>
    <property name="path.separator" value=";"/>
    <property name="os.version" value="10.0"/>
    <property name="java.endorsed.dirs" value="C:\Program Files\Java\jdk1.8.0_152\jre\lib\endorsed"/>
    <property name="java.runtime.name" value="Java(TM) SE Runtime Environment"/>
    <property name="file.encoding" value="UTF-8"/>
    <property name="java.vm.name" value="Java HotSpot(TM) 64-Bit Server VM"/>
    <property name="localRepository" value="D:\jdMaven\repository"/>
    <property name="java.vendor.url.bug" value="http://bugreport.sun.com/bugreport/"/>
    <property name="java.io.tmpdir" value="C:\Users\ZHANGJ~1\AppData\Local\Temp\"/>
    <property name="idea.version" value="2022.1.3"/>
    <property name="java.version" value="1.8.0_152"/>
    <property name="user.dir" value="C:\Users\zhangjiaqi62\IdeaProjects\apiAuto\newApiAuto"/>
    <property name="os.arch" value="amd64"/>
    <property name="java.vm.specification.name" value="Java Virtual Machine Specification"/>
    <property name="java.awt.printerjob" value="sun.awt.windows.WPrinterJob"/>
    <property name="sun.os.patch.level" value=""/>
    <property name="java.library.path" value="C:\Program Files\Java\jdk1.8.0_152\jre\bin;C:\WINDOWS\Sun\Java\bin;C:\WINDOWS\system32;C:\WINDOWS;D:\VMware Workstation\bin\;C:\ProgramData\Oracle\Java\javapath;C:\WINDOWS\system32;C:\WINDOWS;C:\WINDOWS\System32\Wbem;C:\WINDOWS\System32\WindowsPowerShell\v1.0\;C:\WINDOWS\System32\OpenSSH\;E:\node\;C:\Program Files\TortoiseGit\bin;D:\Git\cmd;C:\Program Files\MySQL\MySQL Shell 8.0\bin\;C:\Python3.7.2\Scripts\;C:\Python3.7.2\;C:\Python\Python37-32\Scripts\;C:\Python\Python37-32\;C:\Users\zhangjiaqi62\AppData\Local\Microsoft\WindowsApps;C:\Users\zhangjiaqi62\AppData\Local\Programs\Microsoft VS Code\bin;&quot;C:\Program Files\Java\jdk1.8.0_152\bin;C:\Program Files\Java\jdk1.8.0_152\jre\bin;&quot;;C:\Users\zhangjiaqi62\AppData\Roaming\npm;D:\apache-maven-3.2.2\bin;C:\Users\zhangjiaqi62\AppData\Local\Microsoft\WindowsApps;D:\PyCharm Community Edition 2020.3\bin;;C:\allure-2.20.1\bin;D:\allure-2.20.1\bin;;."/>
    <property name="java.vm.info" value="mixed mode"/>
    <property name="java.vendor" value="Oracle Corporation"/>
    <property name="java.vm.version" value="25.152-b16"/>
    <property name="java.ext.dirs" value="C:\Program Files\Java\jdk1.8.0_152\jre\lib\ext;C:\WINDOWS\Sun\Java\lib\ext"/>
    <property name="sun.io.unicode.encoding" value="UnicodeLittle"/>
    <property name="maven.repo.local" value="D:\jdMaven\repository"/>
    <property name="java.class.version" value="52.0"/>
  </properties>
  <testcase name="test01" classname="com.zjq.test.cases.Test01" time="7.438">
    <failure message="www" type="java.net.UnknownHostException">java.net.UnknownHostException: www
	at com.zjq.test.cases.Test01.test01(Test01.java:26)
</failure>
    <system-out><![CDATA[{"start":1676352060000,"end":1676359260000,"pin":"15600553885_p","cls":"Y4D0|rwrxfan","from":0,"size":20,"timeType":1,"searchType":"cic"}
]]></system-out>
    <system-err><![CDATA[SLF4J: Failed to load class "org.slf4j.impl.StaticLoggerBinder".
SLF4J: Defaulting to no-operation (NOP) logger implementation
SLF4J: See http://www.slf4j.org/codes.html#StaticLoggerBinder for further details.
]]></system-err>
  </testcase>
</testsuite>